[2025-08-01 11:35:49] 本地化工具初始化成功
[2025-08-01 11:35:50] 标题已设置为: [10001]
[2025-08-01 11:37:58] 本地化工具初始化成功
[2025-08-01 11:37:58] 标题已设置为: [10001]
[2025-08-01 11:42:42] 本地化工具初始化成功
[2025-08-01 11:42:43] 标题已设置为: [10001]
[2025-08-01 11:45:50] 本地化工具初始化成功
[2025-08-01 11:45:50] 标题已设置为: [10001]
[2025-08-01 11:45:50] 标题已设置为: [10001]
[2025-08-01 11:48:00] 本地化工具初始化成功
[2025-08-01 11:48:00] 标题已设置为: [10001]
[2025-08-01 11:48:00] 标题已设置为: [10001]
[2025-08-01 12:08:13] 本地化工具初始化成功
[2025-08-01 12:08:13] 标题已设置为: [10001]
[2025-08-01 12:10:23] 本地化工具初始化成功
[2025-08-01 12:10:23] 标题已设置为: [10001]
[2025-08-01 12:16:46] 本地化工具初始化成功
[2025-08-01 12:16:46] 标题已设置为: [10001]
[2025-08-01 12:19:41] 本地化工具初始化成功
[2025-08-01 12:19:41] 标题已设置为: [10001]
[2025-08-01 12:24:37] 本地化工具初始化成功
[2025-08-01 12:24:37] 标题已设置为: [10001]
[2025-08-01 12:35:30] 本地化工具初始化成功
[2025-08-01 12:35:30] 标题已设置为: [10001]
[2025-08-01 12:41:02] 本地化工具初始化成功
[2025-08-01 12:41:02] 标题已设置为: [10001]
[2025-08-01 12:42:30] 本地化工具初始化成功
[2025-08-01 12:42:30] 标题已设置为: [10001]
[2025-08-01 12:43:41] 本地化工具初始化成功
[2025-08-01 12:43:41] 标题已设置为: [10001]
[2025-08-01 12:45:50] 本地化工具初始化成功
[2025-08-01 12:45:51] 标题已设置为: [10001]
[2025-08-01 12:46:28] 本地化工具初始化成功
[2025-08-01 12:46:29] 标题已设置为: [10001]
[2025-08-01 12:58:17] 本地化工具初始化成功
[2025-08-01 12:58:18] 标题已设置为: 未找到本地化id
[2025-08-01 13:04:11] 本地化工具初始化成功
[2025-08-01 13:04:11] 标题已设置为: AI??????????????????
[2025-08-01 13:05:31] 本地化工具初始化成功
[2025-08-01 13:05:32] 标题已设置为: AI??????????????????
[2025-08-01 13:08:10] 本地化工具初始化成功
[2025-08-01 13:08:11] 标题已设置为: AI??????????????????
[2025-08-01 13:08:54] 本地化工具初始化成功
[2025-08-01 13:08:54] 标题已设置为: AI??????????????????
[2025-08-01 13:09:38] 本地化工具初始化成功
[2025-08-01 13:09:38] 标题已设置为: AIAI Visual Recognition Operation
[2025-08-01 13:12:49] 本地化工具初始化成功
[2025-08-01 13:12:49] 标题已设置为: AI??????????????????
