[2025-09-04 08:58:07.604-(Eastern Standard Time)-INFO-日志管理器初始化完成]
[2025-09-04 08:58:08.254-(Eastern Standard Time)-INFO-[2025-09-04 08:58:08]+AI视觉识别操作+Start]
[2025-09-04 08:58:14.670-(Eastern Standard Time)-INFO-进程内存限制已配置: 最小=20MB, 最大=100MB]
[2025-09-04 08:58:14.671-(Eastern Standard Time)-INFO-系统资源监控已初始化]
[2025-09-04 08:58:14.708-(Eastern Standard Time)-INFO-已获取应用名称: AI视觉识别操作]
[2025-09-04 08:58:14.711-(Eastern Standard Time)-INFO-尝试使用图标路径: e:\.Temp\workspace\aotuVisualJump\temp\bin\Debug\net9.0-windows\Resources\logo\logo.ico]
[2025-09-04 08:58:14.936-(Eastern Standard Time)-INFO-2025-09-04 08:58:14.936 [2] TaskbarManager: 初始化任务栏管理器]
[2025-09-04 08:58:14.937-(Eastern Standard Time)-INFO-2025-09-04 08:58:14.937 [2] TaskbarManager: 是否在初始化时显示托盘图标: False]
[2025-09-04 08:58:14.947-(Eastern Standard Time)-INFO-已加载资产配置，共 20 项资源]
[2025-09-04 08:58:14.947-(Eastern Standard Time)-INFO-资产配置初始化成功]
[2025-09-04 08:58:15.729-(Eastern Standard Time)-INFO-2025-09-04 08:58:15.729 [2] TaskbarManager: 窗口Loaded事件被触发]
[2025-09-04 08:58:15.730-(Eastern Standard Time)-INFO-2025-09-04 08:58:15.730 [2] TaskbarManager: 窗口句柄已设置: 275326]
[2025-09-04 08:58:15.772-(Eastern Standard Time)-INFO-2025-09-04 08:58:15.772 [2] TaskbarManager: 任务栏动画对象已初始化]
[2025-09-04 08:58:15.773-(Eastern Standard Time)-INFO-2025-09-04 08:58:15.773 [2] TaskbarManager: 窗口消息钩子已注册]
[2025-09-04 08:58:15.774-(Eastern Standard Time)-INFO-2025-09-04 08:58:15.774 [2] TaskbarManager: 初始化上下文菜单]
[2025-09-04 08:58:15.798-(Eastern Standard Time)-INFO-2025-09-04 08:58:15.798 [2] TaskbarManager: 上下文菜单已创建]
[2025-09-04 08:58:15.800-(Eastern Standard Time)-INFO-2025-09-04 08:58:15.800 [2] TaskbarManager: 任务栏进度条接口已初始化]
[2025-09-04 08:58:15.801-(Eastern Standard Time)-INFO-2025-09-04 08:58:15.801 [2] TaskbarManager: 根据配置，初始化阶段不显示托盘图标]
[2025-09-04 08:58:18.326-(Eastern Standard Time)-INFO-Starting to initialize all project asset resources]
[2025-09-04 08:58:18.327-(Eastern Standard Time)-INFO-AssetHelper initialized without preloading all asset files]
[2025-09-04 08:58:18.327-(Eastern Standard Time)-INFO-Resource folder path: e:\.Temp\workspace\aotuVisualJump\temp\bin\Debug\net9.0-windows\Resources]
[2025-09-04 08:58:18.332-(Eastern Standard Time)-INFO-Found 650 asset files, will be loaded on demand]
[2025-09-04 08:58:19.604-(Eastern Standard Time)-INFO-Critical assets loaded successfully]
[2025-09-04 08:58:19.642-(Eastern Standard Time)-INFO-Project all asset resources initialization completed with lazy loading strategy]
[2025-09-04 08:58:24.332-(Eastern Standard Time)-INFO-2025-09-04 08:58:24.332 [2] TaskbarManager: 初始化任务栏管理器]
[2025-09-04 08:58:24.332-(Eastern Standard Time)-INFO-2025-09-04 08:58:24.332 [2] TaskbarManager: 是否在初始化时显示托盘图标: True]
[2025-09-04 08:58:24.333-(Eastern Standard Time)-INFO-任务栏管理器和动画初始化成功]
[2025-09-04 08:58:24.336-(Eastern Standard Time)-INFO-2025-09-04 08:58:24.336 [2] TaskbarManager: 更新托盘图标提示文本: AI视觉识别操作]
[2025-09-04 08:58:24.337-(Eastern Standard Time)-INFO-2025-09-04 08:58:24.337 [2] TaskbarManager: 显示通知: 应用已启动 - 图像识别应用已成功启动]
[2025-09-04 08:58:24.561-(Eastern Standard Time)-INFO-2025-09-04 08:58:24.561 [2] TaskbarManager: 窗口Loaded事件被触发]
[2025-09-04 08:58:24.561-(Eastern Standard Time)-INFO-2025-09-04 08:58:24.561 [2] TaskbarManager: 窗口句柄已设置: 12525304]
[2025-09-04 08:58:24.567-(Eastern Standard Time)-INFO-2025-09-04 08:58:24.567 [2] TaskbarManager: 任务栏动画对象已初始化]
[2025-09-04 08:58:24.568-(Eastern Standard Time)-INFO-2025-09-04 08:58:24.568 [2] TaskbarManager: 窗口消息钩子已注册]
[2025-09-04 08:58:24.568-(Eastern Standard Time)-INFO-2025-09-04 08:58:24.568 [2] TaskbarManager: 初始化上下文菜单]
[2025-09-04 08:58:24.569-(Eastern Standard Time)-INFO-2025-09-04 08:58:24.569 [2] TaskbarManager: 上下文菜单已创建]
[2025-09-04 08:58:24.569-(Eastern Standard Time)-INFO-2025-09-04 08:58:24.569 [2] TaskbarManager: 任务栏进度条接口已初始化]
[2025-09-04 08:58:24.570-(Eastern Standard Time)-INFO-2025-09-04 08:58:24.570 [2] TaskbarManager: 开始初始化任务栏图标]
[2025-09-04 08:58:24.638-(Eastern Standard Time)-INFO-2025-09-04 08:58:24.638 [2] TaskbarManager: 任务栏图标配置: hWnd=12525304, uCallbackMessage=1025, szTip=AI视觉识别操作]
[2025-09-04 08:58:24.649-(Eastern Standard Time)-INFO-2025-09-04 08:58:24.649 [2] TaskbarManager: 任务栏图标添加成功]
[2025-09-04 08:58:24.658-(Eastern Standard Time)-INFO-2025-09-04 08:58:24.658 [2] TaskbarManager: 任务栏图标版本设置成功]
[2025-09-04 08:58:24.693-(Eastern Standard Time)-INFO-2025-09-04 08:58:24.693 [2] TaskbarManager: 窗口关闭事件被触发]
[2025-09-04 08:58:24.694-(Eastern Standard Time)-INFO-2025-09-04 08:58:24.694 [2] TaskbarManager: 释放任务栏管理器资源]
[2025-09-04 08:58:24.697-(Eastern Standard Time)-INFO-2025-09-04 08:58:24.697 [2] TaskbarManager: 窗口消息钩子已移除]
[2025-09-04 08:58:24.701-(Eastern Standard Time)-INFO-2025-09-04 08:58:24.701 [2] TaskbarManager: 上下文菜单已释放]
[2025-09-04 08:58:24.701-(Eastern Standard Time)-INFO-2025-09-04 08:58:24.701 [2] TaskbarManager: 任务栏动画对象已释放]
[2025-09-04 08:58:24.701-(Eastern Standard Time)-INFO-2025-09-04 08:58:24.701 [2] TaskbarManager: 所有资源已成功释放]
[2025-09-04 08:58:24.715-(Eastern Standard Time)-INFO-CPU使用率: 53.60%, 可用内存: 6389.00 MB]
[2025-09-04 08:58:24.717-(Eastern Standard Time)-INFO-已更新缓存大小限制为30项]
[2025-09-04 08:58:24.717-(Eastern Standard Time)-INFO-主窗口已应用低功耗性能配置: 定时器间隔=200ms, 缓存大小=30]
[2025-09-04 08:58:24.718-(Eastern Standard Time)-INFO-应用性能配置: Default - 定时器间隔: 200ms, 图像处理质量: 40%, 缓存大小: 30]
[2025-09-04 08:58:34.719-(Eastern Standard Time)-INFO-CPU使用率: 47.96%, 可用内存: 6425.00 MB]
[2025-09-04 08:58:34.720-(Eastern Standard Time)-INFO-已更新缓存大小限制为30项]
[2025-09-04 08:58:34.720-(Eastern Standard Time)-INFO-主窗口已应用低功耗性能配置: 定时器间隔=200ms, 缓存大小=30]
[2025-09-04 08:58:34.720-(Eastern Standard Time)-INFO-应用性能配置: Default - 定时器间隔: 200ms, 图像处理质量: 40%, 缓存大小: 30]
